<?xml version="1.0" encoding="UTF-8"?>
<testsuite name="firstTest" tests="1" skipped="0" failures="0" errors="0" timestamp="2020-05-23T08:18:17" hostname="MSI-YANG" time="0.002">
  <properties/>
  <testcase name="mainTest" classname="firstTest" time="0.002"/>
  <system-out><![CDATA[]]></system-out>
  <system-err><![CDATA[]]></system-err>
</testsuite>
