<?xml version="1.0" encoding="UTF-8"?>
<testsuite name="BabyPlaneTest" tests="1" skipped="0" failures="0" errors="0" timestamp="2020-05-24T01:42:14" hostname="MSI-YANG" time="0.002">
  <properties/>
  <testcase name="defineSpecialSkill" classname="BabyPlaneTest" time="0.002"/>
  <system-out><![CDATA[]]></system-out>
  <system-err><![CDATA[]]></system-err>
</testsuite>
